This is pdfTeX, Version 3.141592653-2.6-1.40.22 (TeX Live 2021) (preloaded format=pdflatex 2021.8.4)  15 FEB 2022 09:41
entering extended mode
 restricted \write18 enabled.
 %&-line parsing enabled.
**main.tex
(./main.tex
LaTeX2e <2020-10-01> patch level 4
L3 programming layer <2021-02-18>
(/usr/local/texlive/2021/texmf-dist/tex/latex/base/article.cls
Document Class: article 2020/04/10 v1.4m Standard LaTeX document class
(/usr/local/texlive/2021/texmf-dist/tex/latex/base/size11.clo
File: size11.clo 2020/04/10 v1.4m Standard LaTeX file (size option)
)
\c@part=\count179
\c@section=\count180
\c@subsection=\count181
\c@subsubsection=\count182
\c@paragraph=\count183
\c@subparagraph=\count184
\c@figure=\count185
\c@table=\count186
\abovecaptionskip=\skip47
\belowcaptionskip=\skip48
\bibindent=\dimen138
)
(/usr/local/texlive/2021/texmf-dist/tex/latex/biblatex/biblatex.sty
Package: biblatex 2020/12/31 v3.16 programmable bibliographies (PK/MW)

(/usr/local/texlive/2021/texmf-dist/tex/generic/pdftexcmds/pdftexcmds.sty
Package: pdftexcmds 2020-06-27 v0.33 Utility functions of pdfTeX for LuaTeX (HO
)

(/usr/local/texlive/2021/texmf-dist/tex/generic/infwarerr/infwarerr.sty
Package: infwarerr 2019/12/03 v1.5 Providing info/warning/error messages (HO)
)
(/usr/local/texlive/2021/texmf-dist/tex/generic/iftex/iftex.sty
Package: iftex 2020/03/06 v1.0d TeX engine tests
)
(/usr/local/texlive/2021/texmf-dist/tex/generic/ltxcmds/ltxcmds.sty
Package: ltxcmds 2020-05-10 v1.25 LaTeX kernel commands for general use (HO)
)
Package pdftexcmds Info: \pdf@primitive is available.
Package pdftexcmds Info: \pdf@ifprimitive is available.
Package pdftexcmds Info: \pdfdraftmode found.
)
(/usr/local/texlive/2021/texmf-dist/tex/latex/etoolbox/etoolbox.sty
Package: etoolbox 2020/10/05 v2.5k e-TeX tools for LaTeX (JAW)
\etb@tempcnta=\count187
)
(/usr/local/texlive/2021/texmf-dist/tex/latex/graphics/keyval.sty
Package: keyval 2014/10/28 v1.15 key=value parser (DPC)
\KV@toks@=\toks15
)
(/usr/local/texlive/2021/texmf-dist/tex/latex/kvoptions/kvoptions.sty
Package: kvoptions 2020-10-07 v3.14 Key value format for package options (HO)

(/usr/local/texlive/2021/texmf-dist/tex/generic/kvsetkeys/kvsetkeys.sty
Package: kvsetkeys 2019/12/15 v1.18 Key value parser (HO)
))
(/usr/local/texlive/2021/texmf-dist/tex/latex/logreq/logreq.sty
Package: logreq 2010/08/04 v1.0 xml request logger
\lrq@indent=\count188

(/usr/local/texlive/2021/texmf-dist/tex/latex/logreq/logreq.def
File: logreq.def 2010/08/04 v1.0 logreq spec v1.0
))
(/usr/local/texlive/2021/texmf-dist/tex/latex/base/ifthen.sty
Package: ifthen 2014/09/29 v1.1c Standard LaTeX ifthen package (DPC)
)
(/usr/local/texlive/2021/texmf-dist/tex/latex/url/url.sty
\Urlmuskip=\muskip16
Package: url 2013/09/16  ver 3.4  Verb mode for urls, etc.
)
\c@tabx@nest=\count189
\c@listtotal=\count190
\c@listcount=\count191
\c@liststart=\count192
\c@liststop=\count193
\c@citecount=\count194
\c@citetotal=\count195
\c@multicitecount=\count196
\c@multicitetotal=\count197
\c@instcount=\count198
\c@maxnames=\count199
\c@minnames=\count266
\c@maxitems=\count267
\c@minitems=\count268
\c@citecounter=\count269
\c@maxcitecounter=\count270
\c@savedcitecounter=\count271
\c@uniquelist=\count272
\c@uniquename=\count273
\c@refsection=\count274
\c@refsegment=\count275
\c@maxextratitle=\count276
\c@maxextratitleyear=\count277
\c@maxextraname=\count278
\c@maxextradate=\count279
\c@maxextraalpha=\count280
\c@abbrvpenalty=\count281
\c@highnamepenalty=\count282
\c@lownamepenalty=\count283
\c@maxparens=\count284
\c@parenlevel=\count285
\blx@tempcnta=\count286
\blx@tempcntb=\count287
\blx@tempcntc=\count288
\blx@maxsection=\count289
\blx@maxsegment@0=\count290
\blx@notetype=\count291
\blx@parenlevel@text=\count292
\blx@parenlevel@foot=\count293
\blx@sectionciteorder@0=\count294
\blx@entrysetcounter=\count295
\blx@biblioinstance=\count296
\labelnumberwidth=\skip49
\labelalphawidth=\skip50
\biblabelsep=\skip51
\bibitemsep=\skip52
\bibnamesep=\skip53
\bibinitsep=\skip54
\bibparsep=\skip55
\bibhang=\skip56
\blx@bcfin=\read2
\blx@bcfout=\write3
\blx@langwohyphens=\language87
\c@mincomprange=\count297
\c@maxcomprange=\count298
\c@mincompwidth=\count299
Package biblatex Info: Trying to load biblatex default data model...
Package biblatex Info: ... file 'blx-dm.def' found.

(/usr/local/texlive/2021/texmf-dist/tex/latex/biblatex/blx-dm.def
File: blx-dm.def 2020/12/31 v3.16 biblatex localization (PK/MW)
)
Package biblatex Info: Trying to load biblatex style data model...
Package biblatex Info: ... file 'authoryear.dbx' not found.
Package biblatex Info: Trying to load biblatex custom data model...
Package biblatex Info: ... file 'biblatex-dm.cfg' not found.
\c@afterword=\count300
\c@savedafterword=\count301
\c@annotator=\count302
\c@savedannotator=\count303
\c@author=\count304
\c@savedauthor=\count305
\c@bookauthor=\count306
\c@savedbookauthor=\count307
\c@commentator=\count308
\c@savedcommentator=\count309
\c@editor=\count310
\c@savededitor=\count311
\c@editora=\count312
\c@savededitora=\count313
\c@editorb=\count314
\c@savededitorb=\count315
\c@editorc=\count316
\c@savededitorc=\count317
\c@foreword=\count318
\c@savedforeword=\count319
\c@holder=\count320
\c@savedholder=\count321
\c@introduction=\count322
\c@savedintroduction=\count323
\c@namea=\count324
\c@savednamea=\count325
\c@nameb=\count326
\c@savednameb=\count327
\c@namec=\count328
\c@savednamec=\count329
\c@translator=\count330
\c@savedtranslator=\count331
\c@shortauthor=\count332
\c@savedshortauthor=\count333
\c@shorteditor=\count334
\c@savedshorteditor=\count335
\c@labelname=\count336
\c@savedlabelname=\count337
\c@institution=\count338
\c@savedinstitution=\count339
\c@lista=\count340
\c@savedlista=\count341
\c@listb=\count342
\c@savedlistb=\count343
\c@listc=\count344
\c@savedlistc=\count345
\c@listd=\count346
\c@savedlistd=\count347
\c@liste=\count348
\c@savedliste=\count349
\c@listf=\count350
\c@savedlistf=\count351
\c@location=\count352
\c@savedlocation=\count353
\c@organization=\count354
\c@savedorganization=\count355
\c@origlocation=\count356
\c@savedoriglocation=\count357
\c@origpublisher=\count358
\c@savedorigpublisher=\count359
\c@publisher=\count360
\c@savedpublisher=\count361
\c@language=\count362
\c@savedlanguage=\count363
\c@origlanguage=\count364
\c@savedoriglanguage=\count365
\c@pageref=\count366
\c@savedpageref=\count367
\shorthandwidth=\skip57
\shortjournalwidth=\skip58
\shortserieswidth=\skip59
\shorttitlewidth=\skip60
\shortauthorwidth=\skip61
\shorteditorwidth=\skip62
\locallabelnumberwidth=\skip63
\locallabelalphawidth=\skip64
\localshorthandwidth=\skip65
\localshortjournalwidth=\skip66
\localshortserieswidth=\skip67
\localshorttitlewidth=\skip68
\localshortauthorwidth=\skip69
\localshorteditorwidth=\skip70
Package biblatex Info: Trying to load compatibility code...
Package biblatex Info: ... file 'blx-compat.def' found.

(/usr/local/texlive/2021/texmf-dist/tex/latex/biblatex/blx-compat.def
File: blx-compat.def 2020/12/31 v3.16 biblatex compatibility (PK/MW)
)
Package biblatex Info: Trying to load generic definitions...
Package biblatex Info: ... file 'biblatex.def' found.

(/usr/local/texlive/2021/texmf-dist/tex/latex/biblatex/biblatex.def
File: biblatex.def 2020/12/31 v3.16 biblatex compatibility (PK/MW)
\c@textcitecount=\count368
\c@textcitetotal=\count369
\c@textcitemaxnames=\count370
\c@biburlbigbreakpenalty=\count371
\c@biburlbreakpenalty=\count372
\c@biburlnumpenalty=\count373
\c@biburlucpenalty=\count374
\c@biburllcpenalty=\count375
\biburlbigskip=\muskip17
\biburlnumskip=\muskip18
\biburlucskip=\muskip19
\biburllcskip=\muskip20
\c@smartand=\count376
)
Package biblatex Info: Trying to load natbib compatibility...
Package biblatex Info: ... file 'blx-natbib.def' found.

(/usr/local/texlive/2021/texmf-dist/tex/latex/biblatex/blx-natbib.def
File: blx-natbib.def 2020/12/31 v3.16 biblatex compatibility (PK/MW)
Package biblatex Info: Delimiter 'nameyeardelim' in context '' already defined,
 overwriting.
)
Package biblatex Info: Trying to load bibliography style 'authoryear'...
Package biblatex Info: ... file 'authoryear.bbx' found.

(/usr/local/texlive/2021/texmf-dist/tex/latex/biblatex/bbx/authoryear.bbx
File: authoryear.bbx 2020/12/31 v3.16 biblatex bibliography style (PK/MW)
Package biblatex Info: Trying to load bibliography style 'standard'...
Package biblatex Info: ... file 'standard.bbx' found.

(/usr/local/texlive/2021/texmf-dist/tex/latex/biblatex/bbx/standard.bbx
File: standard.bbx 2020/12/31 v3.16 biblatex bibliography style (PK/MW)
\c@bbx:relatedcount=\count377
\c@bbx:relatedtotal=\count378
))
Package biblatex Info: Trying to load citation style 'authoryear'...
Package biblatex Info: ... file 'authoryear.cbx' found.

(/usr/local/texlive/2021/texmf-dist/tex/latex/biblatex/cbx/authoryear.cbx
File: authoryear.cbx 2020/12/31 v3.16 biblatex citation style (PK/MW)
Package biblatex Info: Redefining '\cite'.
Package biblatex Info: Redefining '\parencite'.
Package biblatex Info: Redefining '\footcite'.
Package biblatex Info: Redefining '\footcitetext'.
Package biblatex Info: Redefining '\smartcite'.
Package biblatex Info: Redefining '\textcite'.
Package biblatex Info: Redefining '\textcites'.
)
Package biblatex Info: Trying to load configuration file...
Package biblatex Info: ... file 'biblatex.cfg' found.

(/usr/local/texlive/2021/texmf-dist/tex/latex/biblatex/biblatex.cfg
File: biblatex.cfg 
))
(/usr/local/texlive/2021/texmf-dist/tex/latex/geometry/geometry.sty
Package: geometry 2020/01/02 v5.9 Page Geometry

(/usr/local/texlive/2021/texmf-dist/tex/generic/iftex/ifvtex.sty
Package: ifvtex 2019/10/25 v1.7 ifvtex legacy package. Use iftex instead.
)
\Gm@cnth=\count379
\Gm@cntv=\count380
\c@Gm@tempcnt=\count381
\Gm@bindingoffset=\dimen139
\Gm@wd@mp=\dimen140
\Gm@odd@mp=\dimen141
\Gm@even@mp=\dimen142
\Gm@layoutwidth=\dimen143
\Gm@layoutheight=\dimen144
\Gm@layouthoffset=\dimen145
\Gm@layoutvoffset=\dimen146
\Gm@dimlist=\toks16
)
(/usr/local/texlive/2021/texmf-dist/tex/latex/hyperref/hyperref.sty
Package: hyperref 2021-02-27 v7.00k Hypertext links for LaTeX

(/usr/local/texlive/2021/texmf-dist/tex/generic/kvdefinekeys/kvdefinekeys.sty
Package: kvdefinekeys 2019-12-19 v1.6 Define keys (HO)
)
(/usr/local/texlive/2021/texmf-dist/tex/generic/pdfescape/pdfescape.sty
Package: pdfescape 2019/12/09 v1.15 Implements pdfTeX's escape features (HO)
)
(/usr/local/texlive/2021/texmf-dist/tex/latex/hycolor/hycolor.sty
Package: hycolor 2020-01-27 v1.10 Color options for hyperref/bookmark (HO)
)
(/usr/local/texlive/2021/texmf-dist/tex/latex/letltxmacro/letltxmacro.sty
Package: letltxmacro 2019/12/03 v1.6 Let assignment for LaTeX macros (HO)
)
(/usr/local/texlive/2021/texmf-dist/tex/latex/auxhook/auxhook.sty
Package: auxhook 2019-12-17 v1.6 Hooks for auxiliary files (HO)
)
\@linkdim=\dimen147
\Hy@linkcounter=\count382
\Hy@pagecounter=\count383

(/usr/local/texlive/2021/texmf-dist/tex/latex/hyperref/pd1enc.def
File: pd1enc.def 2021-02-27 v7.00k Hyperref: PDFDocEncoding definition (HO)
Now handling font encoding PD1 ...
... no UTF-8 mapping file for font encoding PD1
)
(/usr/local/texlive/2021/texmf-dist/tex/latex/hyperref/hyperref-langpatches.def
File: hyperref-langpatches.def 2021-02-27 v7.00k Hyperref: patches for babel la
nguages
) (/usr/local/texlive/2021/texmf-dist/tex/generic/intcalc/intcalc.sty
Package: intcalc 2019/12/15 v1.3 Expandable calculations with integers (HO)
)
(/usr/local/texlive/2021/texmf-dist/tex/generic/etexcmds/etexcmds.sty
Package: etexcmds 2019/12/15 v1.7 Avoid name clashes with e-TeX commands (HO)
)
\Hy@SavedSpaceFactor=\count384

(/usr/local/texlive/2021/texmf-dist/tex/latex/hyperref/puenc.def
File: puenc.def 2021-02-27 v7.00k Hyperref: PDF Unicode definition (HO)
Now handling font encoding PU ...
... no UTF-8 mapping file for font encoding PU
)
Package hyperref Info: Option `colorlinks' set `true' on input line 4073.
Package hyperref Info: Hyper figures OFF on input line 4192.
Package hyperref Info: Link nesting OFF on input line 4197.
Package hyperref Info: Hyper index ON on input line 4200.
Package hyperref Info: Plain pages OFF on input line 4207.
Package hyperref Info: Backreferencing OFF on input line 4212.
Package hyperref Info: Implicit mode ON; LaTeX internals redefined.
Package hyperref Info: Bookmarks ON on input line 4445.
\c@Hy@tempcnt=\count385
LaTeX Info: Redefining \url on input line 4804.
\XeTeXLinkMargin=\dimen148

(/usr/local/texlive/2021/texmf-dist/tex/generic/bitset/bitset.sty
Package: bitset 2019/12/09 v1.3 Handle bit-vector datatype (HO)

(/usr/local/texlive/2021/texmf-dist/tex/generic/bigintcalc/bigintcalc.sty
Package: bigintcalc 2019/12/15 v1.5 Expandable calculations on big integers (HO
)
))
\Fld@menulength=\count386
\Field@Width=\dimen149
\Fld@charsize=\dimen150
Package hyperref Info: Hyper figures OFF on input line 6075.
Package hyperref Info: Link nesting OFF on input line 6080.
Package hyperref Info: Hyper index ON on input line 6083.
Package hyperref Info: backreferencing OFF on input line 6090.
Package hyperref Info: Link coloring ON on input line 6093.
Package hyperref Info: Link coloring with OCG OFF on input line 6100.
Package hyperref Info: PDF/A mode OFF on input line 6105.
LaTeX Info: Redefining \ref on input line 6145.
LaTeX Info: Redefining \pageref on input line 6149.

(/usr/local/texlive/2021/texmf-dist/tex/latex/base/atbegshi-ltx.sty
Package: atbegshi-ltx 2020/08/17 v1.0a Emulation of the original atbegshi packa
ge
with kernel methods
)
\Hy@abspage=\count387
\c@Item=\count388
\c@Hfootnote=\count389
)
Package hyperref Info: Driver (autodetected): hpdftex.

(/usr/local/texlive/2021/texmf-dist/tex/latex/hyperref/hpdftex.def
File: hpdftex.def 2021-02-27 v7.00k Hyperref driver for pdfTeX

(/usr/local/texlive/2021/texmf-dist/tex/latex/base/atveryend-ltx.sty
Package: atveryend-ltx 2020/08/19 v1.0a Emulation of the original atvery packag
e
with kernel methods
)
\Fld@listcount=\count390
\c@bookmark@seq@number=\count391

(/usr/local/texlive/2021/texmf-dist/tex/latex/rerunfilecheck/rerunfilecheck.sty
Package: rerunfilecheck 2019/12/05 v1.9 Rerun checks for auxiliary files (HO)

(/usr/local/texlive/2021/texmf-dist/tex/generic/uniquecounter/uniquecounter.sty
Package: uniquecounter 2019/12/15 v1.4 Provide unlimited unique counter (HO)
)
Package uniquecounter Info: New unique counter `rerunfilecheck' on input line 2
86.
)
\Hy@SectionHShift=\skip71
) (/usr/local/texlive/2021/texmf-dist/tex/latex/enumitem/enumitem.sty
Package: enumitem 2019/06/20 v3.9 Customized lists
\labelindent=\skip72
\enit@outerparindent=\dimen151
\enit@toks=\toks17
\enit@inbox=\box47
\enit@count@id=\count392
\enitdp@description=\count393
)
(/usr/local/texlive/2021/texmf-dist/tex/latex/xcolor/xcolor.sty
Package: xcolor 2016/05/11 v2.12 LaTeX color extensions (UK)

(/usr/local/texlive/2021/texmf-dist/tex/latex/graphics-cfg/color.cfg
File: color.cfg 2016/01/02 v1.6 sample color configuration
)
Package xcolor Info: Driver file: pdftex.def on input line 225.

(/usr/local/texlive/2021/texmf-dist/tex/latex/graphics-def/pdftex.def
File: pdftex.def 2020/10/05 v1.2a Graphics/color driver for pdftex
)
Package xcolor Info: Model `cmy' substituted by `cmy0' on input line 1348.
Package xcolor Info: Model `hsb' substituted by `rgb' on input line 1352.
Package xcolor Info: Model `RGB' extended on input line 1364.
Package xcolor Info: Model `HTML' substituted by `rgb' on input line 1366.
Package xcolor Info: Model `Hsb' substituted by `hsb' on input line 1367.
Package xcolor Info: Model `tHsb' substituted by `hsb' on input line 1368.
Package xcolor Info: Model `HSB' substituted by `hsb' on input line 1369.
Package xcolor Info: Model `Gray' substituted by `gray' on input line 1370.
Package xcolor Info: Model `wave' substituted by `hsb' on input line 1371.
)
(/usr/local/texlive/2021/texmf-dist/tex/latex/tools/tabularx.sty
Package: tabularx 2020/01/15 v2.11c `tabularx' package (DPC)

(/usr/local/texlive/2021/texmf-dist/tex/latex/tools/array.sty
Package: array 2020/10/01 v2.5c Tabular extension package (FMi)
\col@sep=\dimen152
\ar@mcellbox=\box48
\extrarowheight=\dimen153
\NC@list=\toks18
\extratabsurround=\skip73
\backup@length=\skip74
\ar@cellbox=\box49
)
\TX@col@width=\dimen154
\TX@old@table=\dimen155
\TX@old@col=\dimen156
\TX@target=\dimen157
\TX@delta=\dimen158
\TX@cols=\count394
\TX@ftn=\toks19
)
(/usr/local/texlive/2021/texmf-dist/tex/latex/caption/caption.sty
Package: caption 2020/10/26 v3.5g Customizing captions (AR)

(/usr/local/texlive/2021/texmf-dist/tex/latex/caption/caption3.sty
Package: caption3 2020/10/21 v2.2e caption3 kernel (AR)
\captionmargin=\dimen159
\captionmargin@=\dimen160
\captionwidth=\dimen161
\caption@tempdima=\dimen162
\caption@indent=\dimen163
\caption@parindent=\dimen164
\caption@hangindent=\dimen165
Package caption Info: Standard document class detected.
)
\c@caption@flags=\count395
\c@continuedfloat=\count396
Package caption Info: hyperref package is loaded.
)
(/usr/local/texlive/2021/texmf-dist/tex/latex/graphics/graphicx.sty
Package: graphicx 2020/09/09 v1.2b Enhanced LaTeX Graphics (DPC,SPQR)

(/usr/local/texlive/2021/texmf-dist/tex/latex/graphics/graphics.sty
Package: graphics 2020/08/30 v1.4c Standard LaTeX Graphics (DPC,SPQR)

(/usr/local/texlive/2021/texmf-dist/tex/latex/graphics/trig.sty
Package: trig 2016/01/03 v1.10 sin cos tan (DPC)
)
(/usr/local/texlive/2021/texmf-dist/tex/latex/graphics-cfg/graphics.cfg
File: graphics.cfg 2016/06/04 v1.11 sample graphics configuration
)
Package graphics Info: Driver file: pdftex.def on input line 105.
)
\Gin@req@height=\dimen166
\Gin@req@width=\dimen167
)
(/usr/local/texlive/2021/texmf-dist/tex/latex/parskip/parskip.sty
Package: parskip 2021-03-14 v2.0h non-zero parskip adjustments
)
(/usr/local/texlive/2021/texmf-dist/tex/latex/lineno/lineno.sty
Package: lineno 2005/11/02 line numbers on paragraphs v4.41
\linenopenalty=\count397
\output=\toks20
\linenoprevgraf=\count398
\linenumbersep=\dimen168
\linenumberwidth=\dimen169
\c@linenumber=\count399
\c@pagewiselinenumber=\count400
\c@LN@truepage=\count401
\c@internallinenumber=\count402
\c@internallinenumbers=\count403
\quotelinenumbersep=\dimen170
\bframerule=\dimen171
\bframesep=\dimen172
\bframebox=\box50
LaTeX Info: Redefining \\ on input line 3056.
)
(/usr/local/texlive/2021/texmf-dist/tex/latex/siunitx/siunitx.sty
(/usr/local/texlive/2021/texmf-dist/tex/latex/l3kernel/expl3.sty
Package: expl3 2021-02-18 L3 programming layer (loader) 

(/usr/local/texlive/2021/texmf-dist/tex/latex/l3backend/l3backend-pdftex.def
File: l3backend-pdftex.def 2021-03-18 L3 backend support: PDF output (pdfTeX)
\l__color_backend_stack_int=\count404
\l__pdf_internal_box=\box51
))
(/usr/local/texlive/2021/texmf-dist/tex/latex/l3packages/xparse/xparse.sty
(/usr/local/texlive/2021/texmf-dist/tex/latex/l3packages/xparse/xparse-2020-10-
01.sty
(/usr/local/texlive/2021/texmf-dist/tex/latex/l3packages/xparse/xparse-generic.
tex)))
Package: siunitx 2020/02/25 v2.8b A comprehensive (SI) units package
 (/usr/local/texlive/2021/texmf-dist/tex/latex/amsmath/amstext.sty
Package: amstext 2000/06/29 v2.01 AMS text

(/usr/local/texlive/2021/texmf-dist/tex/latex/amsmath/amsgen.sty
File: amsgen.sty 1999/11/30 v2.0 generic functions
\@emptytoks=\toks21
\ex@=\dimen173
))
(/usr/local/texlive/2021/texmf-dist/tex/latex/l3packages/l3keys2e/l3keys2e.sty
Package: l3keys2e 2021-03-12 LaTeX2e option processing using LaTeX3 keys
)
\l__siunitx_tmp_box=\box52
\l__siunitx_tmp_dim=\dimen174
\l__siunitx_tmp_int=\count405
\l__siunitx_number_mantissa_length_int=\count406
\l__siunitx_number_uncert_length_int=\count407
\l__siunitx_round_int=\count408
\l__siunitx_process_decimal_int=\count409
\l__siunitx_process_uncertainty_int=\count410
\l__siunitx_process_fixed_int=\count411
\l__siunitx_process_integer_min_int=\count412
\l__siunitx_process_precision_int=\count413
\l__siunitx_group_min_int=\count414
\l__siunitx_angle_marker_box=\box53
\l__siunitx_angle_unit_box=\box54
\l__siunitx_angle_marker_dim=\dimen175
\l__siunitx_angle_unit_dim=\dimen176
\l__siunitx_unit_int=\count415
\l__siunitx_unit_denominator_int=\count416
\l__siunitx_unit_numerator_int=\count417
\l__siunitx_unit_prefix_int=\count418
\l__siunitx_unit_prefix_base_int=\count419
\l__siunitx_unit_prefix_gram_int=\count420
\l__siunitx_number_product_int=\count421
\c__siunitx_one_fill_skip=\skip75
\l__siunitx_table_unit_align_skip=\skip76
\l__siunitx_table_exponent_dim=\dimen177
\l__siunitx_table_integer_dim=\dimen178
\l__siunitx_table_mantissa_dim=\dimen179
\l__siunitx_table_marker_dim=\dimen180
\l__siunitx_table_result_dim=\dimen181
\l__siunitx_table_uncert_dim=\dimen182
\l__siunitx_table_fill_pre_dim=\dimen183
\l__siunitx_table_fill_post_dim=\dimen184
\l__siunitx_table_fill_mid_dim=\dimen185
\l__siunitx_table_pre_box=\box55
\l__siunitx_table_post_box=\box56
\l__siunitx_table_mantissa_box=\box57
\l__siunitx_table_result_box=\box58
\l__siunitx_table_number_align_skip=\skip77
\l__siunitx_table_text_align_skip=\skip78
(/usr/local/texlive/2021/texmf-dist/tex/latex/translator/translator.sty
Package: translator 2020-08-03 v1.12c Easy translation of strings in LaTeX
))
(/usr/local/texlive/2021/texmf-dist/tex/latex/titlesec/titlesec.sty
Package: titlesec 2019/10/16 v2.13 Sectioning titles
\ttl@box=\box59
\beforetitleunit=\skip79
\aftertitleunit=\skip80
\ttl@plus=\dimen186
\ttl@minus=\dimen187
\ttl@toksa=\toks22
\titlewidth=\dimen188
\titlewidthlast=\dimen189
\titlewidthfirst=\dimen190
)
(/usr/local/texlive/2021/texmf-dist/tex/latex/base/inputenc.sty
Package: inputenc 2020/08/01 v1.3d Input encoding file
\inpenc@prehook=\toks23
\inpenc@posthook=\toks24
)
(/usr/local/texlive/2021/texmf-dist/tex/latex/amsmath/amsmath.sty
Package: amsmath 2020/09/23 v2.17i AMS math features
\@mathmargin=\skip81

For additional information on amsmath, use the `?' option.
(/usr/local/texlive/2021/texmf-dist/tex/latex/amsmath/amsbsy.sty
Package: amsbsy 1999/11/29 v1.2d Bold Symbols
\pmbraise@=\dimen191
)
(/usr/local/texlive/2021/texmf-dist/tex/latex/amsmath/amsopn.sty
Package: amsopn 2016/03/08 v2.02 operator names
)
\inf@bad=\count422
LaTeX Info: Redefining \frac on input line 234.
\uproot@=\count423
\leftroot@=\count424
LaTeX Info: Redefining \overline on input line 399.
\classnum@=\count425
\DOTSCASE@=\count426
LaTeX Info: Redefining \ldots on input line 496.
LaTeX Info: Redefining \dots on input line 499.
LaTeX Info: Redefining \cdots on input line 620.
\Mathstrutbox@=\box60
\strutbox@=\box61
\big@size=\dimen192
LaTeX Font Info:    Redeclaring font encoding OML on input line 743.
LaTeX Font Info:    Redeclaring font encoding OMS on input line 744.
\macc@depth=\count427
\c@MaxMatrixCols=\count428
\dotsspace@=\muskip21
\c@parentequation=\count429
\dspbrk@lvl=\count430
\tag@help=\toks25
\row@=\count431
\column@=\count432
\maxfields@=\count433
\andhelp@=\toks26
\eqnshift@=\dimen193
\alignsep@=\dimen194
\tagshift@=\dimen195
\tagwidth@=\dimen196
\totwidth@=\dimen197
\lineht@=\dimen198
\@envbody=\toks27
\multlinegap=\skip82
\multlinetaggap=\skip83
\mathdisplay@stack=\toks28
LaTeX Info: Redefining \[ on input line 2923.
LaTeX Info: Redefining \] on input line 2924.
)
   defining Unicode char U+2218 (decimal 8728)
\@quotelevel=\count434
\@quotereset=\count435
 (./main.aux)
\openout1 = `main.aux'.

LaTeX Font Info:    Checking defaults for OML/cmm/m/it on input line 50.
LaTeX Font Info:    ... okay on input line 50.
LaTeX Font Info:    Checking defaults for OMS/cmsy/m/n on input line 50.
LaTeX Font Info:    ... okay on input line 50.
LaTeX Font Info:    Checking defaults for OT1/cmr/m/n on input line 50.
LaTeX Font Info:    ... okay on input line 50.
LaTeX Font Info:    Checking defaults for T1/cmr/m/n on input line 50.
LaTeX Font Info:    ... okay on input line 50.
LaTeX Font Info:    Checking defaults for TS1/cmr/m/n on input line 50.
LaTeX Font Info:    ... okay on input line 50.
LaTeX Font Info:    Checking defaults for OMX/cmex/m/n on input line 50.
LaTeX Font Info:    ... okay on input line 50.
LaTeX Font Info:    Checking defaults for U/cmr/m/n on input line 50.
LaTeX Font Info:    ... okay on input line 50.
LaTeX Font Info:    Checking defaults for PD1/pdf/m/n on input line 50.
LaTeX Font Info:    ... okay on input line 50.
LaTeX Font Info:    Checking defaults for PU/pdf/m/n on input line 50.
LaTeX Font Info:    ... okay on input line 50.
Package biblatex Info: Trying to load language 'english'...
Package biblatex Info: ... file 'english.lbx' found.
(/usr/local/texlive/2021/texmf-dist/tex/latex/biblatex/lbx/english.lbx
File: english.lbx 2020/12/31 v3.16 biblatex localization (PK/MW)
)
Package biblatex Info: Input encoding 'utf8' detected.
Package biblatex Info: Data encoding 'utf8' specified.
(biblatex)             No need to reencode data.
Package biblatex Info: Document encoding is UTF8 ....
Package biblatex Info: ... and expl3
(biblatex)             2021-02-18 L3 programming layer (loader) 
(biblatex)             is new enough (at least 2020/04/06),
(biblatex)             setting 'casechanger=expl3'.

(/usr/local/texlive/2021/texmf-dist/tex/latex/biblatex/blx-case-expl3.sty
Package: blx-case-expl3 2020/12/31 v3.16 expl3 case changing code for biblatex
)
\openout3 = `main.bcf'.

Package biblatex Info: Trying to load bibliographic data...
Package biblatex Info: ... file 'main.bbl' found.

(./main.bbl)
Package biblatex Info: Reference section=0 on input line 50.
Package biblatex Info: Reference segment=0 on input line 50.

*geometry* driver: auto-detecting
*geometry* detected driver: pdftex
*geometry* verbose mode - [ preamble ] result:
* driver: pdftex
* paper: a4paper
* layout: <same size as paper>
* layoutoffset:(h,v)=(0.0pt,0.0pt)
* modes: 
* h-part:(L,W,R)=(72.26999pt, 452.9679pt, 72.26999pt)
* v-part:(T,H,B)=(72.26999pt, 700.50687pt, 72.26999pt)
* \paperwidth=597.50787pt
* \paperheight=845.04684pt
* \textwidth=452.9679pt
* \textheight=700.50687pt
* \oddsidemargin=0.0pt
* \evensidemargin=0.0pt
* \topmargin=-37.0pt
* \headheight=12.0pt
* \headsep=25.0pt
* \topskip=11.0pt
* \footskip=18.06749pt
* \marginparwidth=50.0pt
* \marginparsep=10.0pt
* \columnsep=10.0pt
* \skip\footins=10.0pt plus 4.0pt minus 2.0pt
* \hoffset=0.0pt
* \voffset=0.0pt
* \mag=1000
* \@twocolumnfalse
* \@twosidefalse
* \@mparswitchfalse
* \@reversemarginfalse
* (1in=72.27pt=25.4mm, 1cm=28.453pt)

Package hyperref Info: Link coloring ON on input line 50.
(/usr/local/texlive/2021/texmf-dist/tex/latex/hyperref/nameref.sty
Package: nameref 2021-04-02 v2.47 Cross-referencing by name of section

(/usr/local/texlive/2021/texmf-dist/tex/latex/refcount/refcount.sty
Package: refcount 2019/12/15 v3.6 Data extraction from label references (HO)
)
(/usr/local/texlive/2021/texmf-dist/tex/generic/gettitlestring/gettitlestring.s
ty
Package: gettitlestring 2019/12/15 v1.6 Cleanup title references (HO)
)
\c@section@level=\count436
)
LaTeX Info: Redefining \ref on input line 50.
LaTeX Info: Redefining \pageref on input line 50.
LaTeX Info: Redefining \nameref on input line 50.
 (./main.out) (./main.out)
\@outlinefile=\write4
\openout4 = `main.out'.


(/usr/local/texlive/2021/texmf-dist/tex/context/base/mkii/supp-pdf.mkii
[Loading MPS to PDF converter (version 2006.09.02).]
\scratchcounter=\count437
\scratchdimen=\dimen199
\scratchbox=\box62
\nofMPsegments=\count438
\nofMParguments=\count439
\everyMPshowfont=\toks29
\MPscratchCnt=\count440
\MPscratchDim=\dimen256
\MPnumerator=\count441
\makeMPintoPDFobject=\count442
\everyMPtoPDFconversion=\toks30
) (/usr/local/texlive/2021/texmf-dist/tex/latex/epstopdf-pkg/epstopdf-base.sty
Package: epstopdf-base 2020-01-24 v2.11 Base part for package epstopdf
Package epstopdf-base Info: Redefining graphics rule for `.eps' on input line 4
85.

(/usr/local/texlive/2021/texmf-dist/tex/latex/latexconfig/epstopdf-sys.cfg
File: epstopdf-sys.cfg 2010/07/13 v1.3 Configuration of (r)epstopdf for TeX Liv
e
))
Package caption Info: Begin \AtBeginDocument code.
Package caption Info: End \AtBeginDocument code.

(/usr/local/texlive/2021/texmf-dist/tex/latex/siunitx/siunitx-abbreviations.cfg
File: siunitx-abbreviations.cfg 2017/11/26 v2.7k siunitx: Abbreviated units
)
(/usr/local/texlive/2021/texmf-dist/tex/latex/translator/translator-basic-dicti
onary-English.dict
Dictionary: translator-basic-dictionary, Language: English 
)
Underfull \hbox (badness 10000) in paragraph at lines 66--67

 []

[1

{/usr/local/texlive/2021/texmf-var/fonts/map/pdftex/updmap/pdftex.map}]
[2]

Package caption Warning: \captionsetup{type*=...} or \captionof
(caption)                outside box or environment on input line 117.
See the caption package documentation for explanation.


Package caption Warning: The option `hypcap=true' will be ignored for this
(caption)                particular \caption on input line 117.
See the caption package documentation for explanation.


Underfull \hbox (badness 10000) in paragraph at lines 129--129
[]|\OT1/cmr/m/n/10 40.87248\TS1/cmr/m/n/10 °\OT1/cmr/m/n/10 N, -
 []


Underfull \hbox (badness 10000) in paragraph at lines 129--129
[]|\OT1/cmr/m/n/10 40.73433\TS1/cmr/m/n/10 °\OT1/cmr/m/n/10 N, -
 []


Underfull \hbox (badness 10000) in paragraph at lines 129--129
[]|\OT1/cmr/m/n/10 40.60401\TS1/cmr/m/n/10 °\OT1/cmr/m/n/10 N, -
 []


Underfull \hbox (badness 10000) in paragraph at lines 133--140

 []


Underfull \hbox (badness 10000) in paragraph at lines 133--140

 []


Underfull \hbox (badness 10000) in paragraph at lines 133--140

 []

[3] [4]
Underfull \hbox (badness 10000) in paragraph at lines 157--162

 []


Underfull \hbox (badness 1048) in paragraph at lines 157--162
\OT1/cmr/m/n/10 Above the sur-face, ex-treme heat events in-crease the tem-per-
a-ture sig-nif-i-cantly over the low-est
 []


Underfull \hbox (badness 10000) in paragraph at lines 157--162

 []


Underfull \hbox (badness 10000) in paragraph at lines 164--169

 []


Underfull \hbox (badness 10000) in paragraph at lines 164--169

 []

[5]
Underfull \hbox (badness 10000) in paragraph at lines 173--178

 []


Underfull \hbox (badness 10000) in paragraph at lines 173--178

 []

[6]
Underfull \hbox (badness 10000) in paragraph at lines 186--189

 []


Underfull \hbox (badness 10000) in paragraph at lines 191--194

 []

[7]
Underfull \hbox (badness 10000) in paragraph at lines 196--199

 []

[8] [9] [10] [11]

Package caption Warning: The option `hypcap=true' will be ignored for this
(caption)                particular \caption on input line 236.
See the caption package documentation for explanation.

<figs/land_cover.png, id=341, 271.4943pt x 252.945pt>
File: figs/land_cover.png Graphic file (type png)
<use figs/land_cover.png>
Package pdftex.def Info: figs/land_cover.png  used on input line 259.
(pdftex.def)             Requested size: 339.72592pt x 316.54327pt.
<figs/building_heights.png, id=343, 271.4943pt x 252.945pt>
File: figs/building_heights.png Graphic file (type png)
<use figs/building_heights.png>
Package pdftex.def Info: figs/building_heights.png  used on input line 266.
(pdftex.def)             Requested size: 339.72592pt x 316.54327pt.
<figs/heat_wave-normal-theta-anomaly.png, id=344, 540.5796pt x 179.2296pt>
File: figs/heat_wave-normal-theta-anomaly.png Graphic file (type png)
<use figs/heat_wave-normal-theta-anomaly.png>
Package pdftex.def Info: figs/heat_wave-normal-theta-anomaly.png  used on input
 line 275.
(pdftex.def)             Requested size: 339.72592pt x 112.639pt.
<figs/heat_wave-normal-T-anomaly-0m.png, id=345, 426.393pt x 205.2468pt>
File: figs/heat_wave-normal-T-anomaly-0m.png Graphic file (type png)
<use figs/heat_wave-normal-T-anomaly-0m.png>
Package pdftex.def Info: figs/heat_wave-normal-T-anomaly-0m.png  used on input 
line 281.
(pdftex.def)             Requested size: 339.72592pt x 163.53369pt.
<figs/vertical_profiles-heat_wave-normal-theta-bron.png, id=346, 449.2785pt x 2
53.1859pt>
File: figs/vertical_profiles-heat_wave-normal-theta-bron.png Graphic file (type
 png)
<use figs/vertical_profiles-heat_wave-normal-theta-bron.png>
Package pdftex.def Info: figs/vertical_profiles-heat_wave-normal-theta-bron.png
  used on input line 287.
(pdftex.def)             Requested size: 339.72592pt x 191.45744pt.
<figs/vertical_profiles-heat_wave-normal-theta-quee.png, id=347, 449.2785pt x 2
53.1859pt>
File: figs/vertical_profiles-heat_wave-normal-theta-quee.png Graphic file (type
 png)
<use figs/vertical_profiles-heat_wave-normal-theta-quee.png>
Package pdftex.def Info: figs/vertical_profiles-heat_wave-normal-theta-quee.png
  used on input line 293.
(pdftex.def)             Requested size: 339.72592pt x 191.45744pt.
<figs/vertical_profiles-heat_wave-normal-theta-stat.png, id=348, 449.2785pt x 2
53.1859pt>
File: figs/vertical_profiles-heat_wave-normal-theta-stat.png Graphic file (type
 png)
<use figs/vertical_profiles-heat_wave-normal-theta-stat.png>
Package pdftex.def Info: figs/vertical_profiles-heat_wave-normal-theta-stat.png
  used on input line 299.
(pdftex.def)             Requested size: 339.72592pt x 191.45744pt.
<figs/heat_wave-normal-q-anomaly.png, id=349, 540.5796pt x 179.2296pt>
File: figs/heat_wave-normal-q-anomaly.png Graphic file (type png)
<use figs/heat_wave-normal-q-anomaly.png>
Package pdftex.def Info: figs/heat_wave-normal-q-anomaly.png  used on input lin
e 307.
(pdftex.def)             Requested size: 339.72592pt x 112.639pt.
<figs/heat_wave-normal-q-anomaly-0m.png, id=350, 426.393pt x 205.2468pt>
File: figs/heat_wave-normal-q-anomaly-0m.png Graphic file (type png)
<use figs/heat_wave-normal-q-anomaly-0m.png>
Package pdftex.def Info: figs/heat_wave-normal-q-anomaly-0m.png  used on input 
line 313.
(pdftex.def)             Requested size: 339.72592pt x 163.53369pt.
<figs/vertical_profiles-heat_wave-normal-q-bron.png, id=351, 450.9648pt x 253.1
859pt>
File: figs/vertical_profiles-heat_wave-normal-q-bron.png Graphic file (type png
)
<use figs/vertical_profiles-heat_wave-normal-q-bron.png>
Package pdftex.def Info: figs/vertical_profiles-heat_wave-normal-q-bron.png  us
ed on input line 319.
(pdftex.def)             Requested size: 339.72592pt x 190.74274pt.
<figs/vertical_profiles-heat_wave-normal-q-quee.png, id=352, 450.9648pt x 253.1
859pt>
File: figs/vertical_profiles-heat_wave-normal-q-quee.png Graphic file (type png
)
<use figs/vertical_profiles-heat_wave-normal-q-quee.png>
Package pdftex.def Info: figs/vertical_profiles-heat_wave-normal-q-quee.png  us
ed on input line 325.
(pdftex.def)             Requested size: 339.72592pt x 190.74274pt.
<figs/vertical_profiles-heat_wave-normal-q-stat.png, id=353, 450.9648pt x 253.1
859pt>
File: figs/vertical_profiles-heat_wave-normal-q-stat.png Graphic file (type png
)
<use figs/vertical_profiles-heat_wave-normal-q-stat.png>
Package pdftex.def Info: figs/vertical_profiles-heat_wave-normal-q-stat.png  us
ed on input line 331.
(pdftex.def)             Requested size: 339.72592pt x 190.74274pt.
<figs/heat_wave-normal-U-anomaly-100m.png, id=354, 426.393pt x 205.2468pt>
File: figs/heat_wave-normal-U-anomaly-100m.png Graphic file (type png)
<use figs/heat_wave-normal-U-anomaly-100m.png>
Package pdftex.def Info: figs/heat_wave-normal-U-anomaly-100m.png  used on inpu
t line 339.
(pdftex.def)             Requested size: 339.72592pt x 163.53369pt.
<figs/heat_wave-normal-U-anomaly.png, id=355, 540.5796pt x 179.2296pt>
File: figs/heat_wave-normal-U-anomaly.png Graphic file (type png)
<use figs/heat_wave-normal-U-anomaly.png>
Package pdftex.def Info: figs/heat_wave-normal-U-anomaly.png  used on input lin
e 345.
(pdftex.def)             Requested size: 339.72592pt x 112.639pt.
<figs/vertical_profiles-heat_wave-normal-U-bron.png, id=356, 453.8556pt x 252.9
45pt>
File: figs/vertical_profiles-heat_wave-normal-U-bron.png Graphic file (type png
)
<use figs/vertical_profiles-heat_wave-normal-U-bron.png>
Package pdftex.def Info: figs/vertical_profiles-heat_wave-normal-U-bron.png  us
ed on input line 351.
(pdftex.def)             Requested size: 339.72592pt x 189.34161pt.
<figs/vertical_profiles-heat_wave-normal-U-quee.png, id=357, 453.8556pt x 252.9
45pt>
File: figs/vertical_profiles-heat_wave-normal-U-quee.png Graphic file (type png
)
<use figs/vertical_profiles-heat_wave-normal-U-quee.png>
Package pdftex.def Info: figs/vertical_profiles-heat_wave-normal-U-quee.png  us
ed on input line 357.
(pdftex.def)             Requested size: 339.72592pt x 189.34161pt.
<figs/vertical_profiles-heat_wave-normal-U-stat.png, id=358, 453.8556pt x 252.9
45pt>
File: figs/vertical_profiles-heat_wave-normal-U-stat.png Graphic file (type png
)
<use figs/vertical_profiles-heat_wave-normal-U-stat.png>
Package pdftex.def Info: figs/vertical_profiles-heat_wave-normal-U-stat.png  us
ed on input line 363.
(pdftex.def)             Requested size: 339.72592pt x 189.34161pt.
<figs/wind_rose-bron.png, id=359, 423.5022pt x 500.3493pt>
File: figs/wind_rose-bron.png Graphic file (type png)
<use figs/wind_rose-bron.png>
Package pdftex.def Info: figs/wind_rose-bron.png  used on input line 371.
(pdftex.def)             Requested size: 339.72592pt x 401.37175pt.
<figs/wind_rose-quee.png, id=360, 423.5022pt x 500.3493pt>
File: figs/wind_rose-quee.png Graphic file (type png)
<use figs/wind_rose-quee.png>
Package pdftex.def Info: figs/wind_rose-quee.png  used on input line 377.
(pdftex.def)             Requested size: 339.72592pt x 401.37175pt.
<figs/wind_rose-stat.png, id=361, 423.5022pt x 500.3493pt>
File: figs/wind_rose-stat.png Graphic file (type png)
<use figs/wind_rose-stat.png>
Package pdftex.def Info: figs/wind_rose-stat.png  used on input line 383.
(pdftex.def)             Requested size: 339.72592pt x 401.37175pt.
<figs/heat_wave-normal-w-anomaly-100m.png, id=362, 426.393pt x 205.2468pt>
File: figs/heat_wave-normal-w-anomaly-100m.png Graphic file (type png)
<use figs/heat_wave-normal-w-anomaly-100m.png>
Package pdftex.def Info: figs/heat_wave-normal-w-anomaly-100m.png  used on inpu
t line 391.
(pdftex.def)             Requested size: 339.72592pt x 163.53369pt.
<figs/heat_wave-normal-w-anomaly.png, id=363, 540.5796pt x 179.2296pt>
File: figs/heat_wave-normal-w-anomaly.png Graphic file (type png)
<use figs/heat_wave-normal-w-anomaly.png>
Package pdftex.def Info: figs/heat_wave-normal-w-anomaly.png  used on input lin
e 397.
(pdftex.def)             Requested size: 339.72592pt x 112.639pt.
<figs/vertical_profiles-heat_wave-normal-w-bron.png, id=364, 452.1693pt x 254.1
495pt>
File: figs/vertical_profiles-heat_wave-normal-w-bron.png Graphic file (type png
)
<use figs/vertical_profiles-heat_wave-normal-w-bron.png>
Package pdftex.def Info: figs/vertical_profiles-heat_wave-normal-w-bron.png  us
ed on input line 403.
(pdftex.def)             Requested size: 339.72592pt x 190.95291pt.
<figs/vertical_profiles-heat_wave-normal-w-quee.png, id=365, 452.1693pt x 254.1
495pt>
File: figs/vertical_profiles-heat_wave-normal-w-quee.png Graphic file (type png
)
<use figs/vertical_profiles-heat_wave-normal-w-quee.png>
Package pdftex.def Info: figs/vertical_profiles-heat_wave-normal-w-quee.png  us
ed on input line 409.
(pdftex.def)             Requested size: 339.72592pt x 190.95291pt.
<figs/vertical_profiles-heat_wave-normal-w-stat.png, id=366, 452.1693pt x 254.1
495pt>
File: figs/vertical_profiles-heat_wave-normal-w-stat.png Graphic file (type png
)
<use figs/vertical_profiles-heat_wave-normal-w-stat.png>
Package pdftex.def Info: figs/vertical_profiles-heat_wave-normal-w-stat.png  us
ed on input line 416.
(pdftex.def)             Requested size: 339.72592pt x 190.95291pt.
<figs/sea_breeze-lst_sst-diff.png, id=367, 281.853pt x 281.853pt>
File: figs/sea_breeze-lst_sst-diff.png Graphic file (type png)
<use figs/sea_breeze-lst_sst-diff.png>
Package pdftex.def Info: figs/sea_breeze-lst_sst-diff.png  used on input line 4
24.
(pdftex.def)             Requested size: 339.72592pt x 339.73576pt.
<figs/sea_breeze_normal-normal-anomaly-theta.png, id=368, 540.5796pt x 179.2296
pt>
File: figs/sea_breeze_normal-normal-anomaly-theta.png Graphic file (type png)
<use figs/sea_breeze_normal-normal-anomaly-theta.png>
Package pdftex.def Info: figs/sea_breeze_normal-normal-anomaly-theta.png  used 
on input line 431.
(pdftex.def)             Requested size: 339.72592pt x 112.639pt.
<figs/sea_breeze_normal-normal-anomaly-q.png, id=369, 540.5796pt x 179.2296pt>
File: figs/sea_breeze_normal-normal-anomaly-q.png Graphic file (type png)
<use figs/sea_breeze_normal-normal-anomaly-q.png>
Package pdftex.def Info: figs/sea_breeze_normal-normal-anomaly-q.png  used on i
nput line 437.
(pdftex.def)             Requested size: 339.72592pt x 112.639pt.
<figs/sea_breeze_heat_wave-heat_wave_anomaly-T.png, id=370, 540.5796pt x 179.22
96pt>
File: figs/sea_breeze_heat_wave-heat_wave_anomaly-T.png Graphic file (type png)

<use figs/sea_breeze_heat_wave-heat_wave_anomaly-T.png>
Package pdftex.def Info: figs/sea_breeze_heat_wave-heat_wave_anomaly-T.png  use
d on input line 444.
(pdftex.def)             Requested size: 339.72592pt x 112.639pt.
<figs/sea_breeze_heat_wave-heat_wave_anomaly-q.png, id=371, 540.5796pt x 179.22
96pt>
File: figs/sea_breeze_heat_wave-heat_wave_anomaly-q.png Graphic file (type png)

<use figs/sea_breeze_heat_wave-heat_wave_anomaly-q.png>
Package pdftex.def Info: figs/sea_breeze_heat_wave-heat_wave_anomaly-q.png  use
d on input line 450.
(pdftex.def)             Requested size: 339.72592pt x 112.639pt.
<figs/sea_breeze_heat_wave-heat_wave_anomaly-w.png, id=372, 540.5796pt x 179.22
96pt>
File: figs/sea_breeze_heat_wave-heat_wave_anomaly-w.png Graphic file (type png)

<use figs/sea_breeze_heat_wave-heat_wave_anomaly-w.png>
Package pdftex.def Info: figs/sea_breeze_heat_wave-heat_wave_anomaly-w.png  use
d on input line 456.
(pdftex.def)             Requested size: 339.72592pt x 112.639pt.
<figs/histogram-wind_direction-hw-sea_breeze-bron-100m.png, id=373, 440.3652pt 
x 233.4321pt>
File: figs/histogram-wind_direction-hw-sea_breeze-bron-100m.png Graphic file (t
ype png)
<use figs/histogram-wind_direction-hw-sea_breeze-bron-100m.png>
Package pdftex.def Info: figs/histogram-wind_direction-hw-sea_breeze-bron-100m.
png  used on input line 464.
(pdftex.def)             Requested size: 339.72592pt x 180.09233pt.
<figs/histogram-wind_direction-hw-sea_breeze-quee-100m.png, id=374, 440.3652pt 
x 233.4321pt>
File: figs/histogram-wind_direction-hw-sea_breeze-quee-100m.png Graphic file (t
ype png)
<use figs/histogram-wind_direction-hw-sea_breeze-quee-100m.png>
Package pdftex.def Info: figs/histogram-wind_direction-hw-sea_breeze-quee-100m.
png  used on input line 470.
(pdftex.def)             Requested size: 339.72592pt x 180.09233pt.
<figs/histogram-wind_direction-hw-sea_breeze-stat-100m.png, id=375, 440.3652pt 
x 233.4321pt>
File: figs/histogram-wind_direction-hw-sea_breeze-stat-100m.png Graphic file (t
ype png)
<use figs/histogram-wind_direction-hw-sea_breeze-stat-100m.png>
Package pdftex.def Info: figs/histogram-wind_direction-hw-sea_breeze-stat-100m.
png  used on input line 476.
(pdftex.def)             Requested size: 339.72592pt x 180.09233pt.
[12] [13 <./figs/land_cover.png> <./figs/building_heights.png>] [14 <./figs/hea
t_wave-normal-theta-anomaly.png> <./figs/heat_wave-normal-T-anomaly-0m.png> <./
figs/vertical_profiles-heat_wave-normal-theta-bron.png>] [15 <./figs/vertical_p
rofiles-heat_wave-normal-theta-quee.png> <./figs/vertical_profiles-heat_wave-no
rmal-theta-stat.png> <./figs/heat_wave-normal-q-anomaly.png>] [16 <./figs/heat_
wave-normal-q-anomaly-0m.png> <./figs/vertical_profiles-heat_wave-normal-q-bron
.png> <./figs/vertical_profiles-heat_wave-normal-q-quee.png>] [17 <./figs/verti
cal_profiles-heat_wave-normal-q-stat.png> <./figs/heat_wave-normal-U-anomaly-10
0m.png> <./figs/heat_wave-normal-U-anomaly.png>] [18 <./figs/vertical_profiles-
heat_wave-normal-U-bron.png> <./figs/vertical_profiles-heat_wave-normal-U-quee.
png>] [19 <./figs/vertical_profiles-heat_wave-normal-U-stat.png> <./figs/wind_r
ose-bron.png>] [20 <./figs/wind_rose-quee.png>] [21 <./figs/wind_rose-stat.png>
 <./figs/heat_wave-normal-w-anomaly-100m.png>] [22 <./figs/heat_wave-normal-w-a
nomaly.png> <./figs/vertical_profiles-heat_wave-normal-w-bron.png> <./figs/vert
ical_profiles-heat_wave-normal-w-quee.png>] [23 <./figs/vertical_profiles-heat_
wave-normal-w-stat.png> <./figs/sea_breeze-lst_sst-diff.png>] [24 <./figs/sea_b
reeze_normal-normal-anomaly-theta.png> <./figs/sea_breeze_normal-normal-anomaly
-q.png> <./figs/sea_breeze_heat_wave-heat_wave_anomaly-T.png> <./figs/sea_breez
e_heat_wave-heat_wave_anomaly-q.png>] [25 <./figs/sea_breeze_heat_wave-heat_wav
e_anomaly-w.png> <./figs/histogram-wind_direction-hw-sea_breeze-bron-100m.png> 
<./figs/histogram-wind_direction-hw-sea_breeze-quee-100m.png>] [26 <./figs/hist
ogram-wind_direction-hw-sea_breeze-stat-100m.png>] (./main.aux)
Package rerunfilecheck Info: File `main.out' has not changed.
(rerunfilecheck)             Checksum: 7EA4F5E73B0AD794F1AF0EFCF010FC5C;2756.
Package logreq Info: Writing requests to 'main.run.xml'.
\openout1 = `main.run.xml'.

 ) 
Here is how much of TeX's memory you used:
 21680 strings out of 478994
 402672 string characters out of 5858185
 1118245 words of memory out of 5000000
 38754 multiletter control sequences out of 15000+600000
 415893 words of font info for 72 fonts, out of 8000000 for 9000
 1141 hyphenation exceptions out of 8191
 71i,13n,75p,1751b,1726s stack positions out of 5000i,500n,10000p,200000b,80000s
{/usr/local/texlive/2021/texmf-dist/fonts/enc/dvips/cm-super/cm-super-ts1.enc
}</usr/local/texlive/2021/texmf-dist/fonts/type1/public/amsfonts/cm/cmbx10.pfb>
</usr/local/texlive/2021/texmf-dist/fonts/type1/public/amsfonts/cm/cmbx12.pfb><
/usr/local/texlive/2021/texmf-dist/fonts/type1/public/amsfonts/cm/cmcsc10.pfb><
/usr/local/texlive/2021/texmf-dist/fonts/type1/public/amsfonts/cm/cmex10.pfb></
usr/local/texlive/2021/texmf-dist/fonts/type1/public/amsfonts/cm/cmmi10.pfb></u
sr/local/texlive/2021/texmf-dist/fonts/type1/public/amsfonts/cm/cmmi5.pfb></usr
/local/texlive/2021/texmf-dist/fonts/type1/public/amsfonts/cm/cmmi7.pfb></usr/l
ocal/texlive/2021/texmf-dist/fonts/type1/public/amsfonts/cm/cmr10.pfb></usr/loc
al/texlive/2021/texmf-dist/fonts/type1/public/amsfonts/cm/cmr7.pfb></usr/local/
texlive/2021/texmf-dist/fonts/type1/public/amsfonts/cm/cmr8.pfb></usr/local/tex
live/2021/texmf-dist/fonts/type1/public/amsfonts/cm/cmr9.pfb></usr/local/texliv
e/2021/texmf-dist/fonts/type1/public/amsfonts/cm/cmss8.pfb></usr/local/texlive/
2021/texmf-dist/fonts/type1/public/amsfonts/cm/cmsy10.pfb></usr/local/texlive/2
021/texmf-dist/fonts/type1/public/amsfonts/cm/cmsy5.pfb></usr/local/texlive/202
1/texmf-dist/fonts/type1/public/amsfonts/cm/cmsy7.pfb></usr/local/texlive/2021/
texmf-dist/fonts/type1/public/amsfonts/cm/cmti10.pfb></usr/local/texlive/2021/t
exmf-dist/fonts/type1/public/amsfonts/cm/cmti9.pfb></usr/local/texlive/2021/tex
mf-dist/fonts/type1/public/amsfonts/cm/cmtt9.pfb></usr/local/texlive/2021/texmf
-dist/fonts/type1/public/cm-super/sfrm0900.pfb></usr/local/texlive/2021/texmf-d
ist/fonts/type1/public/cm-super/sfrm1000.pfb>
Output written on main.pdf (26 pages, 6786359 bytes).
PDF statistics:
 578 PDF objects out of 1000 (max. 8388607)
 457 compressed objects within 5 object streams
 143 named destinations out of 1000 (max. 500000)
 299 words of extra memory for PDF output out of 10000 (max. 10000000)

